#
# There is insufficient memory for the Java Runtime Environment to continue.
# Native memory allocation (malloc) failed to allocate 1048576 bytes for AllocateHeap
# Possible reasons:
#   The system is out of physical RAM or swap space
#   In 32 bit mode, the process size limit was hit
# Possible solutions:
#   Reduce memory load on the system
#   Increase physical memory or swap space
#   Check if swap backing store is full
#   Use 64 bit Java on a 64 bit OS
#   Decrease Java heap size (-Xmx/-Xms)
#   Decrease number of Java threads
#   Decrease Java thread stack sizes (-Xss)
#   Set larger code cache with -XX:ReservedCodeCacheSize=
# This output file may be truncated or incomplete.
#
#  Out of Memory Error (memory/allocation.inline.hpp:61), pid=1264, tid=0x0000000000003b78
#
# JRE version:  (8.0_111-b14) (build )
# Java VM: Java HotSpot(TM) 64-Bit Server VM (25.111-b14 mixed mode windows-amd64 compressed oops)
# Failed to write core dump. Minidumps are not enabled by default on client versions of Windows
#

---------------  T H R E A D  ---------------

Current thread (0x000000000442e000):  JavaThread "Unknown thread" [_thread_in_vm, id=15224, stack(0x0000000004430000,0x0000000004530000)]

Stack: [0x0000000004430000,0x0000000004530000]
[error occurred during error reporting (printing stack bounds), id 0xc0000005]

Native frames: (J=compiled Java code, j=interpreted, Vv=VM code, C=native code)


---------------  P R O C E S S  ---------------

Java Threads: ( => current thread )

Other Threads:

=>0x000000000442e000 (exited) JavaThread "Unknown thread" [_thread_in_vm, id=15224, stack(0x0000000004430000,0x0000000004530000)]

VM state:not at safepoint (normal execution)

VM Mutex/Monitor currently owned by a thread: None

Heap:
 PSYoungGen      total 38400K, used 665K [0x00000000d5f80000, 0x00000000d8a00000, 0x0000000100000000)
  eden space 33280K, 2% used [0x00000000d5f80000,0x00000000d6026670,0x00000000d8000000)
  from space 5120K, 0% used [0x00000000d8500000,0x00000000d8500000,0x00000000d8a00000)
  to   space 5120K, 0% used [0x00000000d8000000,0x00000000d8000000,0x00000000d8500000)
 ParOldGen       total 87552K, used 0K [0x0000000081e00000, 0x0000000087380000, 0x00000000d5f80000)
  object space 87552K, 0% used [0x0000000081e00000,0x0000000081e00000,0x0000000087380000)
 Metaspace       used 770K, capacity 4480K, committed 4480K, reserved 1056768K
  class space    used 75K, capacity 384K, committed 384K, reserved 1048576K

Card table byte_map: [0x00000000139f0000,0x0000000013df0000] byte_map_base: 0x00000000135e1000

Marking Bits: (ParMarkBitMap*) 0x0000000053f2a6c0
 Begin Bits: [0x00000000144a0000, 0x0000000016428000)
 End Bits:   [0x0000000016428000, 0x00000000183b0000)

Polling page: 0x0000000002a50000

CodeCache: size=245760Kb used=328Kb max_used=328Kb free=245431Kb
 bounds [0x0000000004630000, 0x00000000048a0000, 0x0000000013630000]
 total_blobs=58 nmethods=0 adapters=38
 compilation: enabled

Compilation events (0 events):
No events

GC Heap History (0 events):
No events

Deoptimization events (0 events):
No events

Internal exceptions (0 events):
No events

Events (10 events):
Event: 0.020 loading class java/lang/Short
Event: 0.020 loading class java/lang/Short done
Event: 0.020 loading class java/lang/Integer
Event: 0.020 loading class java/lang/Integer done
Event: 0.020 loading class java/lang/Long
Event: 0.020 loading class java/lang/Long done
Event: 0.021 loading class java/lang/NullPointerException
Event: 0.021 loading class java/lang/NullPointerException done
Event: 0.021 loading class java/lang/ArithmeticException
Event: 0.021 loading class java/lang/ArithmeticException done


Dynamic libraries:
0x00007ff78ec10000 - 0x00007ff78ec47000 	C:\Program Files\Java\jdk1.8.0_111\bin\java.exe
0x00007fff9ff80000 - 0x00007fffa0160000 	C:\WINDOWS\SYSTEM32\ntdll.dll
0x00007fff9f9d0000 - 0x00007fff9fa7e000 	C:\WINDOWS\System32\KERNEL32.DLL
0x00007fff9cd00000 - 0x00007fff9cf66000 	C:\WINDOWS\System32\KERNELBASE.dll
0x00007fff9d520000 - 0x00007fff9d5c1000 	C:\WINDOWS\System32\ADVAPI32.dll
0x00007fff9ed60000 - 0x00007fff9edfd000 	C:\WINDOWS\System32\msvcrt.dll
0x00007fff9fec0000 - 0x00007fff9ff1b000 	C:\WINDOWS\System32\sechost.dll
0x00007fff9d780000 - 0x00007fff9d89f000 	C:\WINDOWS\System32\RPCRT4.dll
0x00007fff9f3b0000 - 0x00007fff9f53f000 	C:\WINDOWS\System32\USER32.dll
0x00007fff9cf70000 - 0x00007fff9cf90000 	C:\WINDOWS\System32\win32u.dll
0x00007fff9ff20000 - 0x00007fff9ff48000 	C:\WINDOWS\System32\GDI32.dll
0x00007fff9cf90000 - 0x00007fff9d123000 	C:\WINDOWS\System32\gdi32full.dll
0x00007fff9d130000 - 0x00007fff9d1cb000 	C:\WINDOWS\System32\msvcp_win.dll
0x00007fff9c400000 - 0x00007fff9c4f6000 	C:\WINDOWS\System32\ucrtbase.dll
0x00007fff81de0000 - 0x00007fff82049000 	C:\WINDOWS\WinSxS\amd64_microsoft.windows.common-controls_6595b64144ccf1df_6.0.16299.192_none_15c8cdae9364c23b\COMCTL32.dll
0x00007fff9f0a0000 - 0x00007fff9f3a8000 	C:\WINDOWS\System32\combase.dll
0x00007fff9c380000 - 0x00007fff9c3f2000 	C:\WINDOWS\System32\bcryptPrimitives.dll
0x00007fff9f9a0000 - 0x00007fff9f9cd000 	C:\WINDOWS\System32\IMM32.DLL
0x0000000054b20000 - 0x0000000054bf2000 	C:\Program Files\Java\jdk1.8.0_111\jre\bin\msvcr100.dll
0x0000000053710000 - 0x0000000053faa000 	C:\Program Files\Java\jdk1.8.0_111\jre\bin\server\jvm.dll
0x00007fff9f090000 - 0x00007fff9f098000 	C:\WINDOWS\System32\PSAPI.DLL
0x00007fff90b90000 - 0x00007fff90bb3000 	C:\WINDOWS\SYSTEM32\WINMM.dll
0x00007fff9af80000 - 0x00007fff9af89000 	C:\WINDOWS\SYSTEM32\WSOCK32.dll
0x00007fff90350000 - 0x00007fff9035a000 	C:\WINDOWS\SYSTEM32\VERSION.dll
0x00007fff9eeb0000 - 0x00007fff9ef1c000 	C:\WINDOWS\System32\WS2_32.dll
0x00007fff909a0000 - 0x00007fff909ca000 	C:\WINDOWS\SYSTEM32\WINMMBASE.dll
0x00007fff9d1d0000 - 0x00007fff9d21a000 	C:\WINDOWS\System32\cfgmgr32.dll
0x0000000055940000 - 0x000000005594f000 	C:\Program Files\Java\jdk1.8.0_111\jre\bin\verify.dll
0x0000000055910000 - 0x0000000055939000 	C:\Program Files\Java\jdk1.8.0_111\jre\bin\java.dll
0x0000000054a60000 - 0x0000000054a76000 	C:\Program Files\Java\jdk1.8.0_111\jre\bin\zip.dll

VM Arguments:
jvm_args: -Dclassworlds.conf=C:/dev/tools/maven3.3.9/bin/m2.conf -Dmaven.home=C:/dev/tools/maven3.3.9 -Dmaven.multiModuleProjectDirectory=C:/dev/sandbox/spring 
java_command: org.codehaus.plexus.classworlds.launcher.Launcher clean
java_class_path (initial): C:/dev/tools/maven3.3.9/boot/plexus-classworlds-2.5.2.jar
Launcher Type: SUN_STANDARD

Environment Variables:
JAVA_HOME=C:/Program Files/Java/jdk1.8.0_111
PATH=C:\Users\santh\bin;C:\Program Files\Git\mingw64\bin;C:\Program Files\Git\usr\local\bin;C:\Program Files\Git\usr\bin;C:\Program Files\Git\usr\bin;C:\Program Files\Git\mingw64\bin;C:\Program Files\Git\usr\bin;C:\Users\santh\bin;C:\Program Files\Java\jdk1.8.0_111\bin;C:\dev\tools\maven3.3.9\bin;C:\Users\santh\Python35\Scripts;C:\Users\santh\Python35;C:\ProgramData\Oracle\Java\javapath;C:\WINDOWS\system32;C:\WINDOWS;C:\WINDOWS\System32\Wbem;C:\WINDOWS\System32\WindowsPowerShell\v1.0;C:\Program Files\Intel\WiFi\bin;C:\Program Files (x86)\IVI Foundation\VISA\WinNT\Bin;C:\Program Files\Git\cmd;C:\Program Files\nodejs;C:\Users\santh\AppData\Local\Microsoft\WindowsApps;C:\Users\santh\AppData\Roaming\npm;C:\Program Files\Microsoft VS Code\bin;C:\Program Files\Git\usr\bin\vendor_perl;C:\Program Files\Git\usr\bin\core_perl
USERNAME=santh
SHELL=C:\Program Files\Git\usr\bin\bash.exe
DISPLAY=needs-to-be-defined
OS=Windows_NT
PROCESSOR_IDENTIFIER=Intel64 Family 6 Model 78 Stepping 3, GenuineIntel



---------------  S Y S T E M  ---------------

OS: Windows 10.0 , 64 bit Build 16299 (10.0.16299.15)

CPU:total 4 (2 cores per cpu, 2 threads per core) family 6 model 78 stepping 3, cmov, cx8, fxsr, mmx, sse, sse2, sse3, ssse3, sse4.1, sse4.2, popcnt, avx, avx2, aes, clmul, erms, 3dnowpref, lzcnt, ht, tsc, tscinvbit, bmi1, bmi2, adx

Memory: 4k page, physical 8265120k(1906672k free), swap 33430944k(5996k free)

vm_info: Java HotSpot(TM) 64-Bit Server VM (25.111-b14) for windows-amd64 JRE (1.8.0_111-b14), built on Sep 22 2016 19:24:05 by "java_re" with MS VC++ 10.0 (VS2010)

time: Thu Jan 18 19:33:36 2018
elapsed time: 0 seconds (0d 0h 0m 0s)

